\BOOKMARK [0][-]{chapter.1}{\376\377\000\332\000v\000o\000d}{}
\BOOKMARK [1][-]{section.1.1}{\376\377\000O\000s\000n\000o\000v\000a}{chapter.1}
\BOOKMARK [0][-]{chapter.2}{\376\377\000D\000a\000t\000a\000b\000\341\000z\000o\000v\000\351\000\040\000s\000y\000s\000t\000\351\000m\000y}{}
\BOOKMARK [1][-]{section.2.1}{\376\377\000H\000i\000s\000t\000\363\000r\000i\000a}{chapter.2}
\BOOKMARK [1][-]{section.2.2}{\376\377\000A\000C\000I\000D}{chapter.2}
\BOOKMARK [1][-]{section.2.3}{\376\377\001\140\000k\000\341\000l\000o\000v\000a\000n\000i\000e\000\040\000d\000a\000t\000a\000b\000\341\000z\000o\000v\000\351\000h\000o\000\040\000s\000y\000s\000t\000\351\000m\000u}{chapter.2}
\BOOKMARK [2][-]{subsection.2.3.1}{\376\377\000R\000e\000p\000l\000i\000k\000\341\000c\000i\000a}{section.2.3}
\BOOKMARK [2][-]{subsection.2.3.2}{\376\377\000R\000o\000z\000s\000e\000k\000\341\000v\000a\000n\000i\000e\000\040\000d\000\341\000t\000\040\000\050\000s\000h\000a\000r\000d\000i\000n\000g\000\051}{section.2.3}
\BOOKMARK [1][-]{section.2.4}{\376\377\000B\000A\000S\000E}{chapter.2}
\BOOKMARK [1][-]{section.2.5}{\376\377\000C\000A\000P}{chapter.2}
\BOOKMARK [0][-]{chapter.3}{\376\377\000t\000e\000s\000t}{}
\BOOKMARK [1][-]{section.3.1}{\376\377\000V\000y\000m\000e\000d\000z\000e\000n\000i\000e\000\040\000c\000i\000e\001\076\000o\000v}{chapter.3}
\BOOKMARK [0][-]{chapter.4}{\376\377\001\140\000t\000a\000n\000d\000a\000r\000d\000\040\000I\000E\000E\000E\000\040\0008\0000\0002\000.\0001\0005\000.\0004\041\042}{}
\BOOKMARK [1][-]{section.4.1}{\376\377\000K\000o\000m\000p\000o\000n\000e\000n\000t\000y\000\040\000I\000E\000E\000E\000\040\0008\0000\0002\000.\0001\0005\000.\0004}{chapter.4}
\BOOKMARK [1][-]{section.4.2}{\376\377\000S\000i\000e\001\145\000o\000v\000\341\000\040\000t\000o\000p\000o\000l\000\363\000g\000i\000a}{chapter.4}
\BOOKMARK [1][-]{section.4.3}{\376\377\000A\000r\000c\000h\000i\000t\000e\000k\000t\000\372\000r\000a}{chapter.4}
\BOOKMARK [2][-]{subsection.4.3.1}{\376\377\000F\000y\000z\000i\000c\000k\000\341\000\040\000v\000r\000s\000t\000v\000a\000\040\000\050\000P\000H\000Y\000\051}{section.4.3}
\BOOKMARK [2][-]{subsection.4.3.2}{\376\377\000L\000i\000n\000k\000o\000v\000\341\000\040\000v\000r\000s\000t\000v\000a\000\040\000\050\000M\000A\000C\000\051}{section.4.3}
\BOOKMARK [3][-]{subsubsection.4.3.2.1}{\376\377\000T\000y\000p\000y\000\040\000r\000\341\000m\000c\000o\000v}{subsection.4.3.2}
\BOOKMARK [0][-]{chapter.5}{\376\377\001\140\000t\000a\000n\000d\000a\000r\000d\000\040\000Z\000i\000g\000B\000e\000e}{}
\BOOKMARK [1][-]{section.5.1}{\376\377\000A\000r\000c\000h\000i\000t\000e\000k\000t\000\372\000r\000a}{chapter.5}
\BOOKMARK [1][-]{section.5.2}{\376\377\000S\000i\000e\001\145\000o\000v\000\351\000\040\000k\000o\000m\000p\000o\000n\000e\000n\000t\000y}{chapter.5}
\BOOKMARK [1][-]{section.5.3}{\376\377\000S\000i\000e\001\145\000o\000v\000\341\000\040\000t\000o\000p\000o\000l\000\363\000g\000i\000a}{chapter.5}
\BOOKMARK [1][-]{section.5.4}{\376\377\000X\000B\000e\000e\000\040\000S\000e\000r\000i\000e\000s\000\040\0001}{chapter.5}
\BOOKMARK [2][-]{subsection.5.4.1}{\376\377\000T\000e\000c\000h\000n\000i\000c\000k\000\351\000\040\000p\000a\000r\000a\000m\000e\000t\000r\000e}{section.5.4}
\BOOKMARK [0][-]{chapter.6}{\376\377\000T\000e\000\363\000r\000i\000a\000\040\000a\000n\000t\000\351\000n}{}
\BOOKMARK [1][-]{subsection.6.0.2}{\376\377\000D\000e\000f\000i\000n\000\355\000c\000i\000a\000\040\000p\000o\000j\000m\000o\000v}{chapter.6}
\BOOKMARK [2][-]{subsection.6.0.3}{\376\377\000P\000r\000o\000p\000a\000g\000\341\000c\000i\000a\000\040\000r\000\341\000d\000i\000o\000v\000\351\000h\000o\000\040\000s\000i\000g\000n\000\341\000l\000u}{subsection.6.0.2}
\BOOKMARK [3][-]{subsubsection.6.0.3.1}{\376\377\000P\000o\000j\000m\000y}{subsection.6.0.3}
\BOOKMARK [2][-]{subsection.6.0.4}{\376\377\000T\000y\000p\000y\000\040\000a\000n\000t\000\351\000n}{subsection.6.0.2}
\BOOKMARK [2][-]{subsection.6.0.5}{\376\377\000S\000t\000r\000a\000t\000o\000v\000o\000s\001\145\000\040\000v\000o\001\076\000n\000\351\000h\000o\000\040\000p\000r\000i\000e\000s\000t\000o\000r\000u\000\040\000\050\000F\000r\000e\000e\000-\000s\000p\000a\000c\000e\000\040\000p\000a\000t\000h\000\040\000l\000o\000s\000s\000\051}{subsection.6.0.2}
\BOOKMARK [2][-]{subsection.6.0.6}{\376\377\000A\000n\000t\000\351\000n\000y\000\040\000a\000\040\000s\000i\000m\000u\000l\000\341\000c\000i\000a}{subsection.6.0.2}
\BOOKMARK [0][-]{chapter.7}{\376\377\000S\000i\000m\000u\000l\000\341\000t\000o\000r\000\040\000O\000M\000N\000e\000T\000+\000+}{}
\BOOKMARK [1][-]{subsection.7.0.7}{\376\377\000A\000r\000c\000h\000i\000t\000e\000k\000t\000\372\000r\000a\000\040\000s\000i\000m\000u\000l\000\341\000t\000o\000r\000u}{chapter.7}
\BOOKMARK [2][-]{subsection.7.0.8}{\376\377\001\140\000t\000r\000u\000k\000t\000\372\000r\000a\000\040\000m\000o\000d\000e\000l\000u}{subsection.7.0.7}
\BOOKMARK [2][-]{subsection.7.0.9}{\376\377\000V\000\375\000s\000t\000u\000p\000\040\000s\000i\000m\000u\000l\000\341\000c\000i\000e}{subsection.7.0.7}
\BOOKMARK [0][-]{chapter.8}{\376\377\000F\000r\000a\000m\000e\000w\000o\000r\000k\000y}{}
\BOOKMARK [1][-]{subsection.8.0.10}{\376\377\000M\000o\000b\000i\000l\000i\000t\000y\000\040\000f\000r\000a\000m\000e\000w\000o\000r\000k}{chapter.8}
\BOOKMARK [2][-]{subsection.8.0.11}{\376\377\000I\000N\000E\000T\000\040\000F\000r\000a\000m\000e\000w\000o\000r\000k}{subsection.8.0.10}
\BOOKMARK [2][-]{subsection.8.0.12}{\376\377\000M\000i\000X\000i\000M}{subsection.8.0.10}
\BOOKMARK [0][-]{chapter.9}{\376\377\000A\000n\000a\000l\000\375\000z\000a\000\040\000a\000\040\000n\000\341\000v\000r\000h\000\040\000r\000i\000e\001\141\000e\000n\000i\000a}{}
\BOOKMARK [1][-]{subsection.9.0.13}{\376\377\000M\000o\000d\000e\000l\000\040\000a\000n\000t\000\351\000n}{chapter.9}
\BOOKMARK [2][-]{subsubsection.9.0.13.1}{\376\377\000V\000\375\000k\000o\000n\000o\000v\000\341\000\040\000z\000\341\000v\000i\000s\000l\000o\000s\001\145}{subsection.9.0.13}
\BOOKMARK [2][-]{subsection.9.0.14}{\376\377\001\140\000t\000r\000u\000k\000t\000\372\000r\000a\000\040\000M\000F}{subsection.9.0.13}
\BOOKMARK [3][-]{subsubsection.9.0.14.1}{\376\377\001\140\000t\000r\000u\000k\000t\000\372\000r\000a\000\040\000m\000o\000d\000u\000l\000u\000\040\000N\000I\000C}{subsection.9.0.14}
\BOOKMARK [0][-]{chapter.10}{\376\377\000R\000e\000a\000l\000i\000z\000\341\000c\000i\000a}{}
\BOOKMARK [1][-]{subsection.10.0.15}{\376\377\000M\000o\000d\000e\000l\000\040\000k\000o\000l\000\355\000z\000i\000e}{chapter.10}
\BOOKMARK [2][-]{subsubsection.10.0.15.1}{\376\377\000P\000o\000p\000i\000s\000\040\000k\000o\000l\000\355\000z\000i\000e}{subsection.10.0.15}
\BOOKMARK [0][-]{chapter.11}{\376\377\000T\000e\000s\000t\000o\000v\000a\000n\000i\000e}{}
\BOOKMARK [1][-]{subsection.11.0.16}{\376\377\000T\000e\000s\000t\000y\000\040\000z\000a\000m\000e\000r\000a\000n\000\351\000\040\000n\000a\000\040\000p\000o\000h\000y\000b\000\040\000X\000B\000e\000e\000\040\000z\000a\000r\000i\000a\000d\000e\000n\000\355}{chapter.11}
\BOOKMARK [2][-]{subsection.11.0.17}{\376\377\000T\000e\000s\000t\000y\000\040\000s\000\040\000k\000o\000l\000\355\000z\000i\000o\000u}{subsection.11.0.16}
\BOOKMARK [0][-]{chapter.12}{\376\377\000Z\000\341\000v\000e\000r}{}
\BOOKMARK [0][-]{chapter*.5}{\376\377\000L\000i\000t\000e\000r\000a\000t\000\372\000r\000a}{}
\BOOKMARK [0][-]{appendix.A}{\376\377\000Z\000o\000z\000n\000a\000m\000\040\000p\000o\000u\001\176\000i\000t\000\375\000c\000h\000\040\000s\000k\000r\000a\000t\000i\000e\000k}{}
\BOOKMARK [0][-]{appendix.B}{\376\377\000I\000n\001\141\000t\000a\000l\000a\001\015\000n\000\341\000\040\000a\000\040\000u\001\176\000\355\000v\000a\000t\000e\001\076\000s\000k\000\341\000\040\000p\000r\000\355\000r\000u\001\015\000k\000a}{}
\BOOKMARK [1][-]{subsection.B.0.18}{\376\377\000I\000n\001\141\000t\000a\000l\000\341\000c\000i\000a\000\040\000s\000i\000m\000u\000l\000\341\000t\000o\000r\000u\000\040\000O\000M\000N\000e\000T\000+\000+\000\040\000p\000r\000e\000\040\000p\000l\000a\000t\000f\000o\000r\000m\000u\000\040\000L\000i\000n\000u\000x}{appendix.B}
\BOOKMARK [2][-]{subsection.B.0.19}{\376\377\000I\000n\001\141\000t\000a\000l\000\341\000c\000i\000a\000\040\000m\000n\000o\000u\000\040\000m\000o\000d\000i\000f\000i\000k\000o\000v\000a\000n\000\351\000h\000o\000\040\000M\000o\000b\000i\000l\000i\000t\000y\000\040\000F\000r\000a\000m\000e\000w\000o\000r\000k\000u}{subsection.B.0.18}
\BOOKMARK [2][-]{subsection.B.0.20}{\376\377\000P\000r\000\341\000c\000a\000\040\000s\000\040\000m\000o\000d\000e\000l\000o\000m\000\040\000I\000E\000E\000E\000\040\0008\0000\0002\000.\0001\0005\000.\0004}{subsection.B.0.18}
\BOOKMARK [0][-]{appendix.C}{\376\377\000O\000b\000s\000a\000h\000\040\000p\000r\000i\000l\000o\001\176\000e\000n\000\351\000h\000o\000\040\000C\000D}{}
